        -:    0:Source:bug1unittest.c
        -:    0:Graph:bug1unittest.gcno
        -:    0:Data:bug1unittest.gcda
        -:    0:Runs:1
        -:    0:Programs:1
        -:    1:/*************************************************
        -:    2:* FileName: bug1unittest.c
        -:    3:* Author:	Glen Gougeon
        -:    4:* Class:	CS362 Software Engineering II
        -:    5:* Created:	11-29-2019
        -:    6:* Last Mod:	11-29-2019
        -:    7:* 
        -:    8:* Assignement: Final Project Part B/
        -:    9:*
        -:   10:* Description:	Unit Test for Bug 1: 
        -:   11:*				Mine Money to Trash only discards 
        -:   12:*
        -:   13:**************************************************/
        -:   14:#include <stdio.h>
        -:   15:#include <math.h>
        -:   16:#include <stdlib.h>
        -:   17:#include <string.h>
        -:   18:
        -:   19:#include "dominion.h"
        -:   20:#include "dominion_helpers.h"
        -:   21:#include "interface.h"
        -:   22:#include "rngs.h"
        -:   23:
        -:   24:// TEST PROTO-TYPES
        -:   25:void initTestGame(int numPlayers, int* kDeck, int mySeed, struct gameState* game);
        -:   26:
        -:   27:// HELPER PROTOS-TYPES
        -:   28:void emptyDeck(int player, struct gameState* state);
        -:   29:void emptyPlayedCards(struct gameState* state);
        -:   30:void emptyDiscard(int player, struct gameState* state);
        -:   31:
        -:   32:// HAND RELATED PROTO-TYPES
        -:   33:void emptyHand(int player, struct gameState* dState);
        -:   34:void setNewHandCount(int player, struct gameState* state, int newHandSize);
        -:   35:void setAtHandPos(int player, struct gameState* state, int card, int handPos);
        -:   36:
function main called 1 returned 100% blocks executed 59%
        -:   37:int main()
        -:   38:{
        1:   39:	printf("MMMMMMMMMMMMMMMMMMMMMMMMMMMMMMMMMMMMMMMMMMMMMMMMMMMMMMMMMMMMMMMMMMMMMMMMMMMMMMMMMMMM\n");
        1:   40:	printf("*** START Bug1 Unit Test: Mine Money to Trash Only Discards ***\n");
        1:   41:	printf("MMMMMMMMMMMMMMMMMMMMMMMMMMMMMMMMMMMMMMMMMMMMMMMMMMMMMMMMMMMMMMMMMMMMMMMMMMMMMMMMMMMM\n\n");
        -:   42:
        -:   43:	/* MMMMMMMMMMMMMMMMMMMMMMMMMMMMMMMMMMMMMMMMMMMMMMMMMMMMMMMMMMMMMMMMMMMMM */
        -:   44:	/* ** SETUP TEST SECTION ** */
        -:   45:	/* MMMMMMMMMMMMMMMMMMMMMMMMMMMMMMMMMMMMMMMMMMMMMMMMMMMMMMMMMMMMMMMMMMMMM */
        -:   46:
        1:   47:	int kingdomCards[10] = { adventurer, ambassador, baron, estate, tribute, minion, mine,  gardens, remodel, smithy };
        -:   48:
        -:   49:	struct gameState G;
        -:   50:	struct gameState backup;
        -:   51:
        1:   52:	int seed = 1;
        1:   53:	int numPlayers = 2;
        1:   54:	int currentPlayer = 0;
        1:   55:	int newHandSize = 2;
        1:   56:	int mine_index = 0; // handPos remodel
        1:   57:	int idxOfChoice1 = 1; // choice1 mine
        1:   58:	int moneyToGet = silver; // choice2 mine
        1:   59:	int blank = -1;
        1:   60:	int coinBonus = 0;
        -:   61:
        -:   62:	// initialize and set currentPlayer
        1:   63:	initTestGame(numPlayers, kingdomCards, seed, &G);
        1:   64:	currentPlayer = G.whoseTurn;
        -:   65:
        -:   66:	// empty every deck currentPlayer has
        1:   67:	emptyDeck(currentPlayer, &G);
        1:   68:	emptyPlayedCards(&G); // req'd. b/c 'discardCard' is broken !!
        1:   69:	emptyDiscard(currentPlayer, &G);
        1:   70:	emptyHand(currentPlayer, &G);
        -:   71:
        -:   72:	// you will only have a copper in your hand
        1:   73:	setNewHandCount(currentPlayer, &G, newHandSize);
        -:   74:
        -:   75:	// place mine card in hand
        1:   76:	setAtHandPos(currentPlayer, &G, mine, mine_index);
        -:   77:
        -:   78:	// The only copper in the game is in currentPlayer's hand
        1:   79:	G.supplyCount[copper] = 0;
        -:   80:
        -:   81:	// The only silver in the game is THIS in supply
        1:   82:	G.supplyCount[silver] = 0;
        1:   83:	G.supplyCount[silver] = 1;
        -:   84:
        1:   85:	setAtHandPos(currentPlayer, &G, copper, idxOfChoice1);
        1:   86:	updateCoins(currentPlayer, &G, coinBonus);
        -:   87:
        -:   88:	/* BACK UP STATE BEFORE CALL */
        1:   89:	memset(&backup, '\0', sizeof(backup));
        1:   90:	backup = G;
        -:   91:
        -:   92:	/* CALL TO MINE <-----------------------------------------------------*/
        1:   93:	cardEffect(mine, idxOfChoice1, moneyToGet, blank, &G, mine_index, &coinBonus);
        -:   94:
        -:   95:	/* MMMMMMMMMMMMMMMMMMMMMMMMMMMMMMMMMMMMMMMMMMMMMMMMMMMMMMMMMMMMMMMMMMMMM */
        -:   96:	/* ** ASSERTS SECTION ** */
        -:   97:	/* MMMMMMMMMMMMMMMMMMMMMMMMMMMMMMMMMMMMMMMMMMMMMMMMMMMMMMMMMMMMMMMMMMMMM */
        -:   98:
        -:   99:	/*	Assert that choice1(an index) is a different card, otherwise print that it
        -:  100:		is the same. */
        1:  101:	if(backup.hand[currentPlayer][idxOfChoice1] == G.hand[currentPlayer][idxOfChoice1])
branch  0 taken 0%
branch  1 taken 100%
        -:  102:	{
    #####:  103:		printf("Error Mine: choice1 is still the same but shouldn't be.\n\n");
    #####:  104:	}
        -:  105:
        -:  106:	/*	Assert if top of previous discard was not the same as choice1, and
        -:  107:	choice1 is found at the top of discard, print 'choice1 discarded
        -:  108:	not trashed'. */
        -:  109:
        -:  110:	//if (backup.playedCards[backup.playedCardCount - 1] != copper)
        1:  111:	if (backup.discard[currentPlayer][backup.discardCount[currentPlayer] - 1] != copper)
branch  0 taken 100%
branch  1 taken 0%
        -:  112:	{
        1:  113:		if (G.discard[currentPlayer][G.discardCount[currentPlayer] - 1] == copper)
branch  0 taken 0%
branch  1 taken 100%
        -:  114:		{
    #####:  115:			printf("Error Mine: choice1 found in discard, but should be at top of trashPile.\n\n");
    #####:  116:		}
        1:  117:	}
        -:  118:
        -:  119:	/*	Assert if top of previous discard was the same as choice1, and the
        -:  120:	top 2 cards in discard are both choice1, print 'choice1 discarded
        -:  121:	not trashed'. */
        1:  122:	if (backup.discard[currentPlayer][backup.discardCount[currentPlayer] -1] == copper)
branch  0 taken 0%
branch  1 taken 100%
        -:  123:	{
    #####:  124:		if ((G.discard[currentPlayer][G.discardCount[currentPlayer] - 1] == copper) &&
branch  0 never executed
branch  1 never executed
branch  2 never executed
branch  3 never executed
    #####:  125:		    (G.discard[currentPlayer][G.discardCount[currentPlayer] - 2] == copper))
        -:  126:		{
    #####:  127:			printf("Error Mine: choice1 discarded not trashed.\n\n");
    #####:  128:		}
    #####:  129:	}
        -:  130:
        -:  131:	//if (backup.playedCards[backup.playedCardCount - 1] == copper)
        -:  132:	//{
        -:  133:	//	if ((G.playedCards[G.playedCardCount - 1] == copper) &&
        -:  134:	//		(G.playedCards[G.playedCardCount - 2] == copper))
        -:  135:	//	{
        -:  136:	//		//printf("Error 'discardCard': should be discard .. but is playedCards array\n");
        -:  137:	//		printf("Error Mine: choice1 found in playedCards NOT in trash.\n\n");
        -:  138:	//	}
        -:  139:	//}
        -:  140:
        -:  141:	/*	Assert that the discardCount has not changed, otherwise print
        -:  142:		'discardCount changed but shouldn't have'. */
        -:  143:
        -:  144:	//if (backup.playedCardCount - 1 != G.playedCardCount - 1)
        -:  145:	/*
        -:  146:	if (backup.discardCount[currentPlayer] != G.discardCount[currentPlayer])
        -:  147:	{
        -:  148:		printf("Error Mine: discardCount changed.\n\n");
        -:  149:	}
        -:  150:	*/
        -:  151:
        -:  152:	/* The handCount should change.
        -:  153:	   Assert if backup.handCount[currentPlayer] == G.handCount[currentPlayer]
        -:  154:	   print 'Error Mine: handCount didn't change.\n'	*/
        1:  155:	if (backup.handCount[currentPlayer] == G.handCount[currentPlayer])
branch  0 taken 0%
branch  1 taken 100%
        -:  156:	{
    #####:  157:		printf("Error Mine: handCount didn't change.\n");
    #####:  158:	}
        -:  159:
        -:  160:	/*	Assert if backup.supplyCount[choice2] > 0 and choice2 was not in
        -:  161:		previous hand, and is not in current hand, print
        -:  162:		'choice2 not found in hand after mine'. */
        1:  163:	if (backup.supplyCount[moneyToGet] > 0)
branch  0 taken 100%
branch  1 taken 0%
        -:  164:	{
        1:  165:		int found = 0;
        -:  166:		int iter;
        2:  167:		for (iter = 0; iter < G.handCount[currentPlayer]; iter++)
branch  0 taken 100%
branch  1 taken 0%
        -:  168:		{
        -:  169:			// is it in hand now ??
        1:  170:			if (G.hand[currentPlayer][iter] == moneyToGet)
branch  0 taken 100%
branch  1 taken 0%
        -:  171:			{
        1:  172:				found = 1;
        1:  173:				break;
        -:  174:			}
        -:  175:
    #####:  176:		}
        -:  177:
        1:  178:		if (!found)
branch  0 taken 0%
branch  1 taken 100%
        -:  179:		{
    #####:  180:			printf("Error Mine: choice2 not found in hand after the call.\n\n");
    #####:  181:		}
        -:  182:
        1:  183:	}
        -:  184:
        -:  185:	/*	Compare the supplyCount[silver] before and after the call.If the
        -:  186:		current count is not 1 less than previous, then print
        -:  187:		'choice2 silver not 1 less than previous' */
        1:  188:	if (backup.supplyCount[silver] - 1 != G.supplyCount[silver])
branch  0 taken 0%
branch  1 taken 100%
        -:  189:	{
    #####:  190:		printf("Error Mine: choice2 silver is not -1 previous supplyCount.\n\n");
    #####:  191:	}
        -:  192:
        1:  193:	printf("*** END Bug1 Unit Test ***\n\n");
        1:  194:	return 0;
        -:  195:}
        -:  196:
        -:  197:/* MMMMMMMMMMMMMMMMMMMMMMMMMMMMMMMMMMMMMMMMMMMMMMMMMMMMMMMMMMMMMMMMMMMMMMMMMMMMMMMMMMMMMMMMMMMMMMMM */
        -:  198:/* *** FUNCTION SPECIFICATIONS ***																	*/
        -:  199:/* MMMMMMMMMMMMMMMMMMMMMMMMMMMMMMMMMMMMMMMMMMMMMMMMMMMMMMMMMMMMMMMMMMMMMMMMMMMMMMMMMMMMMMMMMMMMMMMM */
        -:  200:
        -:  201:/* This function adds memset initialization, and prints error if fail  */
function initTestGame called 1 returned 100% blocks executed 75%
        -:  202:void initTestGame(int numPlayers, int* kDeck, int mySeed, struct gameState* game)
        -:  203:{
        1:  204:	memset(game, '\0', sizeof(struct gameState));   // clear mem of 
        -:  205:
        1:  206:	int checkInit = initializeGame(numPlayers, kDeck, mySeed, game); // initialize 2 player game 
        -:  207:
        1:  208:	if (checkInit == -1)
branch  0 taken 0%
branch  1 taken 100%
        -:  209:	{
    #####:  210:		printf("Bad game initialization.\n");
    #####:  211:	}
        -:  212:
        1:  213:}
        -:  214:
        -:  215:// set player to remove all cards from current player's deck  
function emptyDeck called 1 returned 100% blocks executed 100%
        -:  216:void emptyDeck(int player, struct gameState* state)
        -:  217:{
        1:  218:	int i = 0;
       12:  219:	while (i < state->deckCount[player])
branch  0 taken 83%
branch  1 taken 17%
        -:  220:	{
        5:  221:		state->deck[player][i] = -1;
        5:  222:		i++;
        -:  223:	}
        1:  224:	state->deckCount[player] = 0;
        1:  225:}
        -:  226:
        -:  227:// set player to remove all cards from current player's deck   
function emptyPlayedCards called 1 returned 100% blocks executed 80%
        -:  228:void emptyPlayedCards(struct gameState* state)
        -:  229:{
        1:  230:	int i = 0;
        2:  231:	while (i < state->playedCardCount)
branch  0 taken 0%
branch  1 taken 100%
        -:  232:	{
    #####:  233:		state->playedCards[i] = -1;
    #####:  234:		i++;
        -:  235:	}
        1:  236:	state->playedCardCount = 0;
        1:  237:}
        -:  238:
        -:  239:// eliminate all cards from discard.   
function emptyDiscard called 1 returned 100% blocks executed 80%
        -:  240:void emptyDiscard(int player, struct gameState* state)
        -:  241:{
        1:  242:	int i = 0;
        2:  243:	while (i < state->discardCount[player])
branch  0 taken 0%
branch  1 taken 100%
        -:  244:	{
    #####:  245:		state->discard[player][i] = -1;
    #####:  246:		i++;
        -:  247:	}
        1:  248:	state->discardCount[player] = 0;
        1:  249:}
        -:  250:
        -:  251:/* Sets current player's handCount to newHandSize, then
        -:  252:	overwrites everything in hand with -1 */
function emptyHand called 1 returned 100% blocks executed 100%
        -:  253:void emptyHand(int player, struct gameState* state)
        -:  254:{
        -:  255:	int i;
       12:  256:	for (i = 0; i < state->handCount[player]; i++)
branch  0 taken 83%
branch  1 taken 17%
        -:  257:	{
        5:  258:		state->hand[player][i] = -1;
        5:  259:	}
        1:  260:	state->handCount[player] = 0;
        1:  261:}
        -:  262:
        -:  263:// sets handCount of player to newHandSize
function setNewHandCount called 1 returned 100% blocks executed 100%
        -:  264:void setNewHandCount(int player, struct gameState* state, int newHandSize)
        -:  265:{
        1:  266:	state->handCount[player] = newHandSize;
        1:  267:}
        -:  268:
        -:  269:// adds indicated card in current player's hand at handPos 
function setAtHandPos called 2 returned 100% blocks executed 100%
        -:  270:void setAtHandPos(int player, struct gameState* state, int card, int handPos)
        -:  271:{
        2:  272:	state->hand[player][handPos] = card;
        2:  273:}
